[0m19:41:23.719969 [debug] [MainThread]: Sending event: {'category': 'dbt', 'action': 'invocation', 'label': 'start', 'context': [<snowplow_tracker.self_describing_json.SelfDescribingJson object at 0x108f57b90>, <snowplow_tracker.self_describing_json.SelfDescribingJson object at 0x108a1f290>, <snowplow_tracker.self_describing_json.SelfDescribingJson object at 0x108f63c10>]}


============================== 19:41:23.730625 | 830b9af5-de1a-4d4b-9d7d-970cf6b4b91e ==============================
[0m19:41:23.730625 [info ] [MainThread]: Running with dbt=1.8.7
[0m19:41:23.730920 [debug] [MainThread]: running dbt with arguments {'printer_width': '80', 'indirect_selection': 'eager', 'log_cache_events': 'False', 'write_json': 'True', 'partial_parse': 'True', 'cache_selected_only': 'False', 'profiles_dir': '/Users/work-maverickwong/.dbt', 'fail_fast': 'False', 'debug': 'False', 'log_path': 'logs', 'warn_error': 'None', 'version_check': 'True', 'use_colors': 'True', 'use_experimental_parser': 'False', 'no_print': 'None', 'quiet': 'False', 'empty': 'None', 'log_format': 'default', 'static_parser': 'True', 'warn_error_options': 'WarnErrorOptions(include=[], exclude=[])', 'invocation_command': 'dbt init', 'target_path': 'None', 'introspect': 'True', 'send_anonymous_usage_stats': 'True'}
[0m19:41:23.758469 [warn ] [MainThread]: [ConfigFolderDirectory]: Unable to parse dict {'dir': PosixPath('/Users/work-maverickwong/.dbt')}
[0m19:41:23.758730 [info ] [MainThread]: Creating dbt configuration folder at 
[0m19:41:32.943397 [debug] [MainThread]: Starter project path: /Users/work-maverickwong/Library/Caches/pypoetry/virtualenvs/docker-transformation-DSBcd8FJ-py3.11/lib/python3.11/site-packages/dbt/include/starter_project
[0m19:41:32.957039 [info ] [MainThread]: 
Your new dbt project "docker_transformation" was created!

For more information on how to configure the profiles.yml file,
please consult the dbt documentation here:

  https://docs.getdbt.com/docs/configure-your-profile

One more thing:

Need help? Don't hesitate to reach out to us via GitHub issues or on Slack:

  https://community.getdbt.com/

Happy modeling!

[0m19:41:32.957615 [info ] [MainThread]: Setting up your profile.
[0m19:41:39.469759 [info ] [MainThread]: No sample profile found for clickhouse.
[0m19:41:39.502943 [debug] [MainThread]: Resource report: {"command_name": "init", "command_success": true, "command_wall_clock_time": 15.815293, "process_user_time": 1.646514, "process_kernel_time": 0.423337, "process_mem_max_rss": "114950144", "process_in_blocks": "0", "process_out_blocks": "0"}
[0m19:41:39.503526 [debug] [MainThread]: Command `dbt init` succeeded at 19:41:39.503439 after 15.82 seconds
[0m19:41:39.503845 [debug] [MainThread]: Sending event: {'category': 'dbt', 'action': 'invocation', 'label': 'end', 'context': [<snowplow_tracker.self_describing_json.SelfDescribingJson object at 0x108f63d50>, <snowplow_tracker.self_describing_json.SelfDescribingJson object at 0x108f639d0>, <snowplow_tracker.self_describing_json.SelfDescribingJson object at 0x104e0f050>]}
[0m19:41:39.504149 [debug] [MainThread]: Flushing usage events
